<?xml version="1.0" encoding="UTF-8"?>
<!-- Generated by org.testng.reporters.JUnitReportReporter -->
<testsuite hostname="Kedr-PC" name="geometricObjects.Rectangle.test.RectangleExclusionTest" tests="2" failures="0" timestamp="31 Oct 2015 00:29:15 GMT" time="0.005" errors="0">
  <testcase name="checkingAreaCircleTestExclusion" time="0.000" classname="geometricObjects.Rectangle.test.RectangleExclusionTest"/>
  <testcase name="checkingAreaCircleTestExclusion" time="0.005" classname="geometricObjects.Rectangle.test.RectangleExclusionTest"/>
</testsuite> <!-- geometricObjects.Rectangle.test.RectangleExclusionTest -->
